# JRE version: OpenJDK Runtime Environment Temurin-17.0.17+10 (17.0.17+10) (build 17.0.17+10)
# Java VM: OpenJDK 64-Bit Server VM Temurin-17.0.17+10 (17.0.17+10, mixed mode, emulated-client, sharing, tiered, compressed oops, compressed class ptrs, g1 gc, windows-amd64)
GC Precious Log:
 CPUs: 12 total, 12 available
 Memory: 7521M
 Large Page Support: Disabled
 NUMA Support: Disabled
 Compressed Oops: Enabled (32-bit)
 Heap Region Size: 1M
 Heap Min Capacity: 8M
 Heap Initial Capacity: 118M
 Heap Max Capacity: 1882M
 Pre-touch: Disabled
 Parallel Workers: 10
 Concurrent Workers: 3
 Concurrent Refinement Workers: 10
 Periodic GC: Disabled
Heap:
 garbage-first heap   total 83968K, used 26763K [0x000000008a600000, 0x0000000100000000)
  region size 1024K, 1 young (1024K), 1 survivors (1024K)
 Metaspace       used 64991K, committed 65472K, reserved 1114112K
  class space    used 9407K, committed 9600K, reserved 1048576K
GC Heap History (20 events):
Event: 2272.207 GC heap after
{Heap after GC invocations=40 (full 0):
 garbage-first heap   total 83968K, used 26916K [0x000000008a600000, 0x0000000100000000)
  region size 1024K, 1 young (1024K), 1 survivors (1024K)
 Metaspace       used 64939K, committed 65408K, reserved 1114112K
  class space    used 9399K, committed 9600K, reserved 1048576K
}
Event: 2679.053 GC heap before
{Heap before GC invocations=41 (full 0):
 garbage-first heap   total 83968K, used 69924K [0x000000008a600000, 0x0000000100000000)
  region size 1024K, 43 young (44032K), 1 survivors (1024K)
 Metaspace       used 64890K, committed 65408K, reserved 1114112K
  class space    used 9387K, committed 9600K, reserved 1048576K
}
Event: 2679.089 GC heap after
{Heap after GC invocations=42 (full 0):
 garbage-first heap   total 83968K, used 26931K [0x000000008a600000, 0x0000000100000000)
  region size 1024K, 1 young (1024K), 1 survivors (1024K)
 Metaspace       used 64890K, committed 65408K, reserved 1114112K
  class space    used 9387K, committed 9600K, reserved 1048576K
}
Event: 2708.359 GC heap before
{Heap before GC invocations=42 (full 0):
 garbage-first heap   total 83968K, used 30003K [0x000000008a600000, 0x0000000100000000)
  region size 1024K, 4 young (4096K), 1 survivors (1024K)
 Metaspace       used 64890K, committed 65408K, reserved 1114112K
  class space    used 9387K, committed 9600K, reserved 1048576K
}
Event: 2708.395 GC heap after
{Heap after GC invocations=43 (full 0):
 garbage-first heap   total 83968K, used 26664K [0x000000008a600000, 0x0000000100000000)
  region size 1024K, 1 young (1024K), 1 survivors (1024K)
 Metaspace       used 64890K, committed 65408K, reserved 1114112K
  class space    used 9387K, committed 9600K, reserved 1048576K
}
Event: 3113.558 GC heap before
{Heap before GC invocations=43 (full 0):
 garbage-first heap   total 83968K, used 70696K [0x000000008a600000, 0x0000000100000000)
  region size 1024K, 44 young (45056K), 1 survivors (1024K)
 Metaspace       used 64890K, committed 65408K, reserved 1114112K
  class space    used 9387K, committed 9600K, reserved 1048576K
}
Event: 3113.610 GC heap after
{Heap after GC invocations=44 (full 0):
 garbage-first heap   total 83968K, used 26703K [0x000000008a600000, 0x0000000100000000)
  region size 1024K, 1 young (1024K), 1 survivors (1024K)
 Metaspace       used 64890K, committed 65408K, reserved 1114112K
  class space    used 9387K, committed 9600K, reserved 1048576K
}
Event: 3514.258 GC heap before
{Heap before GC invocations=45 (full 0):
 garbage-first heap   total 83968K, used 70735K [0x000000008a600000, 0x0000000100000000)
  region size 1024K, 44 young (45056K), 1 survivors (1024K)
 Metaspace       used 64890K, committed 65408K, reserved 1114112K
  class space    used 9387K, committed 9600K, reserved 1048576K
}
Event: 3514.290 GC heap after
{Heap after GC invocations=46 (full 0):
 garbage-first heap   total 83968K, used 26681K [0x000000008a600000, 0x0000000100000000)
  region size 1024K, 1 young (1024K), 1 survivors (1024K)
 Metaspace       used 64890K, committed 65408K, reserved 1114112K
  class space    used 9387K, committed 9600K, reserved 1048576K
}
Event: 3927.767 GC heap before
{Heap before GC invocations=46 (full 0):
 garbage-first heap   total 83968K, used 70713K [0x000000008a600000, 0x0000000100000000)
  region size 1024K, 44 young (45056K), 1 survivors (1024K)
 Metaspace       used 64890K, committed 65408K, reserved 1114112K
  class space    used 9387K, committed 9600K, reserved 1048576K
}
Event: 3927.825 GC heap after
{Heap after GC invocations=47 (full 0):
 garbage-first heap   total 83968K, used 26703K [0x000000008a600000, 0x0000000100000000)
  region size 1024K, 1 young (1024K), 1 survivors (1024K)
 Metaspace       used 64890K, committed 65408K, reserved 1114112K
  class space    used 9387K, committed 9600K, reserved 1048576K
}
Event: 4351.001 GC heap before
{Heap before GC invocations=48 (full 0):
 garbage-first heap   total 83968K, used 71759K [0x000000008a600000, 0x0000000100000000)
  region size 1024K, 45 young (46080K), 1 survivors (1024K)
 Metaspace       used 64890K, committed 65408K, reserved 1114112K
  class space    used 9387K, committed 9600K, reserved 1048576K
}
Event: 4351.029 GC heap after
{Heap after GC invocations=49 (full 0):
 garbage-first heap   total 83968K, used 26706K [0x000000008a600000, 0x0000000100000000)
  region size 1024K, 1 young (1024K), 1 survivors (1024K)
 Metaspace       used 64890K, committed 65408K, reserved 1114112K
  class space    used 9387K, committed 9600K, reserved 1048576K
}
Event: 4764.700 GC heap before
{Heap before GC invocations=49 (full 0):
 garbage-first heap   total 83968K, used 71762K [0x000000008a600000, 0x0000000100000000)
  region size 1024K, 45 young (46080K), 1 survivors (1024K)
 Metaspace       used 64890K, committed 65408K, reserved 1114112K
  class space    used 9387K, committed 9600K, reserved 1048576K
}
Event: 4764.747 GC heap after
{Heap after GC invocations=50 (full 0):
 garbage-first heap   total 83968K, used 26701K [0x000000008a600000, 0x0000000100000000)
  region size 1024K, 1 young (1024K), 1 survivors (1024K)
 Metaspace       used 64890K, committed 65408K, reserved 1114112K
  class space    used 9387K, committed 9600K, reserved 1048576K
}
Event: 5176.780 GC heap before
{Heap before GC invocations=51 (full 0):
 garbage-first heap   total 83968K, used 71757K [0x000000008a600000, 0x0000000100000000)
  region size 1024K, 45 young (46080K), 1 survivors (1024K)
 Metaspace       used 64890K, committed 65408K, reserved 1114112K
  class space    used 9387K, committed 9600K, reserved 1048576K
}
Event: 5176.808 GC heap after
{Heap after GC invocations=52 (full 0):
 garbage-first heap   total 83968K, used 26701K [0x000000008a600000, 0x0000000100000000)
  region size 1024K, 1 young (1024K), 1 survivors (1024K)
 Metaspace       used 64890K, committed 65408K, reserved 1114112K
  class space    used 9387K, committed 9600K, reserved 1048576K
}
Event: 5599.339 GC heap before
{Heap before GC invocations=52 (full 0):
 garbage-first heap   total 83968K, used 71757K [0x000000008a600000, 0x0000000100000000)
  region size 1024K, 45 young (46080K), 1 survivors (1024K)
 Metaspace       used 64890K, committed 65408K, reserved 1114112K
  class space    used 9387K, committed 9600K, reserved 1048576K
}
Event: 5599.394 GC heap after
{Heap after GC invocations=53 (full 0):
 garbage-first heap   total 83968K, used 26674K [0x000000008a600000, 0x0000000100000000)
  region size 1024K, 1 young (1024K), 1 survivors (1024K)
 Metaspace       used 64890K, committed 65408K, reserved 1114112K
  class space    used 9387K, committed 9600K, reserved 1048576K
}
Event: 6011.197 GC heap before
{Heap before GC invocations=54 (full 0):
 garbage-first heap   total 83968K, used 71730K [0x000000008a600000, 0x0000000100000000)
  region size 1024K, 45 young (46080K), 1 survivors (1024K)
 Metaspace       used 64991K, committed 65472K, reserved 1114112K
  class space    used 9407K, committed 9600K, reserved 1048576K
}

